<?xml version="1.0" encoding="UTF-8"?>
<testsuites>
  <testsuite name="Feature" tests="8" assertions="94" errors="0" failures="1" skipped="0" time="0.340475">
    <testsuite name="Tests\Feature\BooksListTest" file="/home/epignosis-nibro/Desktop/Projects/Kim/kim-repo-books-api/tests/Feature/BookListTest.php" tests="4" assertions="86" errors="0" failures="0" skipped="0" time="0.311834">
      <testcase name="testResponseStructure" class="Tests\Feature\BooksListTest" classname="Tests.Feature.BooksListTest" file="/home/epignosis-nibro/Desktop/Projects/Kim/kim-repo-books-api/tests/Feature/BookListTest.php" line="14" assertions="76" time="0.244024"/>
      <testcase name="testListWithoutFilters" class="Tests\Feature\BooksListTest" classname="Tests.Feature.BooksListTest" file="/home/epignosis-nibro/Desktop/Projects/Kim/kim-repo-books-api/tests/Feature/BookListTest.php" line="68" assertions="2" time="0.026820"/>
      <testcase name="testTitleFilter" class="Tests\Feature\BooksListTest" classname="Tests.Feature.BooksListTest" file="/home/epignosis-nibro/Desktop/Projects/Kim/kim-repo-books-api/tests/Feature/BookListTest.php" line="88" assertions="4" time="0.009332"/>
      <testcase name="testPagination" class="Tests\Feature\BooksListTest" classname="Tests.Feature.BooksListTest" file="/home/epignosis-nibro/Desktop/Projects/Kim/kim-repo-books-api/tests/Feature/BookListTest.php" line="187" assertions="4" time="0.031658"/>
    </testsuite>
    <testsuite name="Tests\Feature\BookPostTest" file="/home/epignosis-nibro/Desktop/Projects/Kim/kim-repo-books-api/tests/Feature/BookPostTest.php" tests="3" assertions="8" errors="0" failures="0" skipped="0" time="0.028417">
      <testcase name="testDenyGuestAccess" class="Tests\Feature\BookPostTest" classname="Tests.Feature.BookPostTest" file="/home/epignosis-nibro/Desktop/Projects/Kim/kim-repo-books-api/tests/Feature/BookPostTest.php" line="13" assertions="1" time="0.010005"/>
      <testcase name="testDenyNonAdminUserAccess" class="Tests\Feature\BookPostTest" classname="Tests.Feature.BookPostTest" file="/home/epignosis-nibro/Desktop/Projects/Kim/kim-repo-books-api/tests/Feature/BookPostTest.php" line="27" assertions="1" time="0.005483"/>
      <testcase name="testSuccessfulPost" class="Tests\Feature\BookPostTest" classname="Tests.Feature.BookPostTest" file="/home/epignosis-nibro/Desktop/Projects/Kim/kim-repo-books-api/tests/Feature/BookPostTest.php" line="44" assertions="6" time="0.012929"/>
    </testsuite>
    <testsuite name="Tests\Feature\BookReviewTest" file="/home/epignosis-nibro/Desktop/Projects/Kim/kim-repo-books-api/tests/Feature/BookReviewTest.php" tests="1" assertions="0" errors="0" failures="1" skipped="0" time="0.000224">
      <testcase name="Warning" assertions="0" time="0.000224">
        <warning type="PHPUnit\Framework\Warning">Warning
No tests found in class "Tests\Feature\BookReviewTest".

</warning>
      </testcase>
    </testsuite>
  </testsuite>
</testsuites>
